C51 COMPILER V9.57.0.0   MAIN                                                              03/27/2023 23:05:44 PAGE 1   


C51 COMPILER V9.57.0.0, COMPILATION OF MODULE MAIN
OBJECT MODULE PLACED IN .\Objects\main.obj
COMPILER INVOKED BY: D:\Keil_v5_MDK\C51\BIN\C51.EXE ..\User\main.c OPTIMIZE(8,SPEED) BROWSE INCDIR(..\User;..\App) DEBUG
                    - OBJECTEXTEND PRINT(.\Listings\main.lst) TABS(2) OBJECT(.\Objects\main.obj)

line level    source

   1          /******************************************************************************
   2            * @file    main.c 
   3            * @author  刘杰
   4            * @version V1.0
   5            * @date    2020-3-19
   6            * @Conpany 
   7            * @project STC15实战项目
   8          *******************************************************************************/
   9          
  10          /* Includes ------------------------------------------------------------------*/
  11          #include <main.h>
  12          
  13          /* Private define-------------------------------------------------------------*/
  14          
  15          /* Private variables----------------------------------------------------------*/
  16          
  17          /* Public variables-----------------------------------------------------------*/
  18          
  19          /* Private function prototypes------------------------------------------------*/
  20          
  21          /*
  22            * @name   main
  23            * @brief  主函数
  24            * @param  None  
  25            * @retval None      
  26          */
  27          void main()
  28          { 
  29   1        //系统初始化
  30   1        Hardware_Init.Sys_Init();
  31   1        
  32   1        ////系统主循环
  33   1        while(1)
  34   1        {
  35   2          //闲着
  36   2        }
  37   1      }
  38          /********************************************************
  39            End Of File
  40          ********************************************************/
  41          


MODULE INFORMATION:   STATIC OVERLAYABLE
   CODE SIZE        =      9    ----
   CONSTANT SIZE    =   ----    ----
   XDATA SIZE       =   ----    ----
   PDATA SIZE       =   ----    ----
   DATA SIZE        =   ----    ----
   IDATA SIZE       =   ----    ----
   BIT SIZE         =   ----    ----
END OF MODULE INFORMATION.


C51 COMPILATION COMPLETE.  0 WARNING(S),  0 ERROR(S)
