C51 COMPILER V9.57.0.0   SYS_INIT                                                          03/27/2023 23:05:45 PAGE 1   


C51 COMPILER V9.57.0.0, COMPILATION OF MODULE SYS_INIT
OBJECT MODULE PLACED IN .\Objects\Sys_init.obj
COMPILER INVOKED BY: D:\Keil_v5_MDK\C51\BIN\C51.EXE ..\App\Sys_init.c OPTIMIZE(8,SPEED) BROWSE INCDIR(..\User;..\App) DE
                    -BUG OBJECTEXTEND PRINT(.\Listings\Sys_init.lst) TABS(2) OBJECT(.\Objects\Sys_init.obj)

line level    source

   1          /* Includes ------------------------------------------------------------------*/
   2          #include <main.h>
   3          
   4          /* Private define-------------------------------------------------------------*/
   5          
   6          /* Private variables----------------------------------------------------------*/
   7          static void GPIO_Init(void);           //通用输入输出端口初始化
   8          static void IE_init(void);             //中断初始化
   9          static void Power_ON_Indication(void); //上电指示
  10          static void Sys_Init(void);            //系统初始化
  11          
  12          /* Public variables-----------------------------------------------------------*/
  13          Hardware_Init_t Hardware_Init = 
  14          {
  15            GPIO_Init,
  16            IE_init,
  17            Power_ON_Indication,
  18            Sys_Init
  19          };
  20          
  21          /* Private function prototypes------------------------------------------------*/      
  22          
  23          /*
  24            * @name   GPIO_Init
  25            * @brief  通用输入输出端口初始化
  26            * @param  None
  27            * @retval None      
  28          */
  29          static void GPIO_Init()
  30          {
  31   1        //M1  M0
  32   1          //0   0      准双向口
  33   1          //0   1      推挽输出
  34   1          //1   0      高阻输入
  35   1          //1   1      开漏
  36   1        
  37   1        //P3 -> P34,P35设置为推挽输出  
  38   1        P3M1 = 0x00; //0000 0000
  39   1        P3M0 = 0x30; //0011 0000
  40   1      
  41   1        P34  = 0;  //关闭运行指示灯
  42   1        P35  = 0;  //关闭PWM指示灯
  43   1      }
  44          
  45          /*
  46            * @name   IE_init
  47            * @brief  中断初始化
  48            * @param  None
  49            * @retval None      
  50          */
  51          static void IE_init()
  52          { 
  53   1        ET0 =  1;             //打开定时器0中断
  54   1        
C51 COMPILER V9.57.0.0   SYS_INIT                                                          03/27/2023 23:05:45 PAGE 2   

  55   1        EA  =  1;             //打开总中断
  56   1      }
  57          
  58          /*
  59            * @name   Power_ON_Indication
  60            * @brief  上电指示
  61            * @param  None
  62            * @retval None      
  63          */
  64          static void Power_ON_Indication()
  65          {
  66   1        uint8_t i = 5;
  67   1      
  68   1        while(i--)
  69   1        {
  70   2          LED_Run.LED_ON();
  71   2          Public.Delay_ms(100);
  72   2          LED_Run.LED_OFF();
  73   2          Public.Delay_ms(100);
  74   2        }
  75   1      }
  76          
  77          /*
  78            * @name   Sys_Init
  79            * @brief  系统初始化
  80            * @param  None
  81            * @retval None      
  82          */
  83          static void Sys_Init()
  84          { 
  85   1        Public.Delay_ms(50);                //上电延时50ms
  86   1        Hardware_Init.GPIO_Init();          //GPIO口初始化
  87   1        Hardware_Init.Power_ON_Indication();//上电指示
  88   1        Timer0.Timer0_Init();               //定时器0初始化
  89   1        Hardware_Init.IE_init();            //中断初始化
  90   1      }
  91          /********************************************************
  92            End Of File
  93          ********************************************************/


MODULE INFORMATION:   STATIC OVERLAYABLE
   CODE SIZE        =    110    ----
   CONSTANT SIZE    =   ----    ----
   XDATA SIZE       =   ----    ----
   PDATA SIZE       =   ----    ----
   DATA SIZE        =     12       1
   IDATA SIZE       =   ----    ----
   BIT SIZE         =   ----    ----
END OF MODULE INFORMATION.


C51 COMPILATION COMPLETE.  0 WARNING(S),  0 ERROR(S)
